# JRE version: Java(TM) SE Runtime Environment (17.0.11+7) (build 17.0.11+7-LTS-207)
# Java VM: Java HotSpot(TM) 64-Bit Server VM (17.0.11+7-LTS-207, mixed mode, sharing, tiered, compressed oops, compressed class ptrs, g1 gc, windows-amd64)
GC Precious Log:
 CPUs: 4 total, 4 available
 Memory: 4033M
 Large Page Support: Disabled
 NUMA Support: Disabled
 Compressed Oops: Enabled (Zero based)
 Heap Region Size: 2M
 Heap Min Capacity: 8M
 Heap Initial Capacity: 64M
 Heap Max Capacity: 4G
 Pre-touch: Disabled
 Parallel Workers: 4
 Concurrent Workers: 1
 Concurrent Refinement Workers: 4
 Periodic GC: Disabled
Heap:
 garbage-first heap   total 759808K, used 278684K [0x0000000700000000, 0x0000000800000000)
  region size 2048K, 45 young (92160K), 5 survivors (10240K)
 Metaspace       used 105121K, committed 106304K, reserved 1179648K
  class space    used 14633K, committed 15168K, reserved 1048576K
GC Heap History (20 events):
Event: 135.104 GC heap before
{Heap before GC invocations=74 (full 0):
 garbage-first heap   total 253952K, used 184983K [0x0000000700000000, 0x0000000800000000)
  region size 2048K, 28 young (57344K), 3 survivors (6144K)
 Metaspace       used 89855K, committed 90816K, reserved 1179648K
  class space    used 12659K, committed 13120K, reserved 1048576K
}
Event: 135.143 GC heap after
{Heap after GC invocations=75 (full 0):
 garbage-first heap   total 253952K, used 139629K [0x0000000700000000, 0x0000000800000000)
  region size 2048K, 4 young (8192K), 4 survivors (8192K)
 Metaspace       used 89855K, committed 90816K, reserved 1179648K
  class space    used 12659K, committed 13120K, reserved 1048576K
}
Event: 136.802 GC heap before
{Heap before GC invocations=75 (full 0):
 garbage-first heap   total 253952K, used 166253K [0x0000000700000000, 0x0000000800000000)
  region size 2048K, 18 young (36864K), 4 survivors (8192K)
 Metaspace       used 90302K, committed 91328K, reserved 1179648K
  class space    used 12710K, committed 13184K, reserved 1048576K
}
Event: 136.831 GC heap after
{Heap after GC invocations=76 (full 0):
 garbage-first heap   total 253952K, used 146938K [0x0000000700000000, 0x0000000800000000)
  region size 2048K, 5 young (10240K), 5 survivors (10240K)
 Metaspace       used 90302K, committed 91328K, reserved 1179648K
  class space    used 12710K, committed 13184K, reserved 1048576K
}
Event: 140.110 GC heap before
{Heap before GC invocations=77 (full 0):
 garbage-first heap   total 260096K, used 208378K [0x0000000700000000, 0x0000000800000000)
  region size 2048K, 33 young (67584K), 5 survivors (10240K)
 Metaspace       used 91490K, committed 92480K, reserved 1179648K
  class space    used 12916K, committed 13376K, reserved 1048576K
}
Event: 140.153 GC heap after
{Heap after GC invocations=78 (full 0):
 garbage-first heap   total 260096K, used 167182K [0x0000000700000000, 0x0000000800000000)
  region size 2048K, 5 young (10240K), 5 survivors (10240K)
 Metaspace       used 91490K, committed 92480K, reserved 1179648K
  class space    used 12916K, committed 13376K, reserved 1048576K
}
Event: 142.583 GC heap before
{Heap before GC invocations=78 (full 0):
 garbage-first heap   total 260096K, used 210190K [0x0000000700000000, 0x0000000800000000)
  region size 2048K, 26 young (53248K), 5 survivors (10240K)
 Metaspace       used 91911K, committed 92928K, reserved 1179648K
  class space    used 12972K, committed 13504K, reserved 1048576K
}
Event: 142.622 GC heap after
{Heap after GC invocations=79 (full 0):
 garbage-first heap   total 313344K, used 173951K [0x0000000700000000, 0x0000000800000000)
  region size 2048K, 4 young (8192K), 4 survivors (8192K)
 Metaspace       used 91911K, committed 92928K, reserved 1179648K
  class space    used 12972K, committed 13504K, reserved 1048576K
}
Event: 146.361 GC heap before
{Heap before GC invocations=80 (full 0):
 garbage-first heap   total 313344K, used 233343K [0x0000000700000000, 0x0000000800000000)
  region size 2048K, 33 young (67584K), 4 survivors (8192K)
 Metaspace       used 93790K, committed 94848K, reserved 1179648K
  class space    used 13196K, committed 13696K, reserved 1048576K
}
Event: 146.509 GC heap after
{Heap after GC invocations=81 (full 0):
 garbage-first heap   total 313344K, used 181662K [0x0000000700000000, 0x0000000800000000)
  region size 2048K, 4 young (8192K), 4 survivors (8192K)
 Metaspace       used 93790K, committed 94848K, reserved 1179648K
  class space    used 13196K, committed 13696K, reserved 1048576K
}
Event: 147.109 GC heap before
{Heap before GC invocations=81 (full 0):
 garbage-first heap   total 313344K, used 187806K [0x0000000700000000, 0x0000000800000000)
  region size 2048K, 7 young (14336K), 4 survivors (8192K)
 Metaspace       used 94077K, committed 95168K, reserved 1179648K
  class space    used 13235K, committed 13760K, reserved 1048576K
}
Event: 147.225 GC heap after
{Heap after GC invocations=82 (full 0):
 garbage-first heap   total 313344K, used 181882K [0x0000000700000000, 0x0000000800000000)
  region size 2048K, 1 young (2048K), 1 survivors (2048K)
 Metaspace       used 94077K, committed 95168K, reserved 1179648K
  class space    used 13235K, committed 13760K, reserved 1048576K
}
Event: 152.658 GC heap before
{Heap before GC invocations=82 (full 0):
 garbage-first heap   total 313344K, used 243322K [0x0000000700000000, 0x0000000800000000)
  region size 2048K, 31 young (63488K), 1 survivors (2048K)
 Metaspace       used 99343K, committed 100480K, reserved 1179648K
  class space    used 13965K, committed 14528K, reserved 1048576K
}
Event: 152.685 GC heap after
{Heap after GC invocations=83 (full 0):
 garbage-first heap   total 313344K, used 185335K [0x0000000700000000, 0x0000000800000000)
  region size 2048K, 3 young (6144K), 3 survivors (6144K)
 Metaspace       used 99343K, committed 100480K, reserved 1179648K
  class space    used 13965K, committed 14528K, reserved 1048576K
}
Event: 155.818 GC heap before
{Heap before GC invocations=84 (full 0):
 garbage-first heap   total 362496K, used 246775K [0x0000000700000000, 0x0000000800000000)
  region size 2048K, 33 young (67584K), 3 survivors (6144K)
 Metaspace       used 102376K, committed 103488K, reserved 1179648K
  class space    used 14328K, committed 14848K, reserved 1048576K
}
Event: 155.844 GC heap after
{Heap after GC invocations=85 (full 0):
 garbage-first heap   total 362496K, used 191046K [0x0000000700000000, 0x0000000800000000)
  region size 2048K, 5 young (10240K), 5 survivors (10240K)
 Metaspace       used 102376K, committed 103488K, reserved 1179648K
  class space    used 14328K, committed 14848K, reserved 1048576K
}
Event: 155.992 GC heap before
{Heap before GC invocations=85 (full 0):
 garbage-first heap   total 362496K, used 197190K [0x0000000700000000, 0x0000000800000000)
  region size 2048K, 8 young (16384K), 5 survivors (10240K)
 Metaspace       used 102547K, committed 103680K, reserved 1179648K
  class space    used 14353K, committed 14848K, reserved 1048576K
}
Event: 156.073 GC heap after
{Heap after GC invocations=86 (full 0):
 garbage-first heap   total 362496K, used 192679K [0x0000000700000000, 0x0000000800000000)
  region size 2048K, 1 young (2048K), 1 survivors (2048K)
 Metaspace       used 102547K, committed 103680K, reserved 1179648K
  class space    used 14353K, committed 14848K, reserved 1048576K
}
Event: 163.667 GC heap before
{Heap before GC invocations=86 (full 0):
 garbage-first heap   total 362496K, used 286887K [0x0000000700000000, 0x0000000800000000)
  region size 2048K, 48 young (98304K), 1 survivors (2048K)
 Metaspace       used 103906K, committed 105088K, reserved 1179648K
  class space    used 14473K, committed 15040K, reserved 1048576K
}
Event: 163.709 GC heap after
{Heap after GC invocations=87 (full 0):
 garbage-first heap   total 759808K, used 200860K [0x0000000700000000, 0x0000000800000000)
  region size 2048K, 5 young (10240K), 5 survivors (10240K)
 Metaspace       used 103906K, committed 105088K, reserved 1179648K
  class space    used 14473K, committed 15040K, reserved 1048576K
}

